2025-10-01 14:48:39,215 INFO ============================================================
2025-10-01 14:48:39,215 INFO Productivity Tracker - Headless Startup
2025-10-01 14:48:39,215 INFO ============================================================
2025-10-01 14:48:39,215 INFO 
--- Dependencies Check ---
2025-10-01 14:48:39,215 INFO Checking dependencies...
2025-10-01 14:48:47,451 ERROR Missing packages: ['opencv-python', 'pyyaml', 'psycopg2-binary', 'schedule']
2025-10-01 14:48:47,451 INFO Installing missing packages...
2025-10-01 14:48:52,088 INFO Dependencies installed successfully
2025-10-01 14:48:52,088 INFO 
--- Configuration Check ---
2025-10-01 14:48:52,088 INFO Checking configuration...
2025-10-01 14:48:52,096 INFO 
--- Models Check ---
2025-10-01 14:48:52,097 INFO Checking model files...
2025-10-01 14:48:52,103 INFO 
--- PostgreSQL Check ---
2025-10-01 14:48:52,103 INFO Checking PostgreSQL connection...
2025-10-01 14:48:52,151 INFO 
============================================================
2025-10-01 14:48:52,152 INFO All checks passed! Starting headless tracker...
2025-10-01 14:48:52,152 INFO ============================================================
2025-10-01 14:48:52,152 INFO Starting headless productivity tracker...
2025-10-01 14:48:52,170 INFO Starting headless productivity tracker...
2025-10-01 14:48:52,171 INFO Scheduler initialized: 07:00 - 17:00
2025-10-01 14:48:52,172 INFO Scheduler started
2025-10-01 14:48:52,172 INFO Scheduler started in background
2025-10-01 14:48:52,172 INFO Starting daily capture window
2025-10-01 14:48:52,172 INFO Scheduler status: {'is_running': True, 'is_capture_active': False, 'is_capture_time': True, 'start_time': '07:00', 'end_time': '17:00', 'current_time': '14:48:52'}
2025-10-01 14:48:52,172 INFO Starting capture...
2025-10-01 14:48:52,172 INFO Initializing components...
2025-10-01 14:48:52,440 INFO Components initialized successfully
2025-10-01 14:48:52,440 INFO Starting capture loop...
2025-10-01 14:49:22,491 INFO Stream opened at 15.00 FPS
2025-10-01 14:50:44,834 WARNING Frame read failed, continuing...
2025-10-01 14:51:59,490 INFO Received signal 2, shutting down...
2025-10-01 14:51:59,491 INFO Shutting down...
2025-10-01 14:51:59,491 INFO Stopping scheduler...
2025-10-01 14:51:59,491 INFO Scheduler stopped
2025-10-01 14:51:59,491 INFO Stopping capture...
2025-10-01 14:52:09,493 INFO Capture stopped
2025-10-01 14:52:09,493 INFO Scheduler stopped
2025-10-01 14:52:09,493 INFO Shutting down...
2025-10-01 14:52:09,493 ERROR Error running headless tracker: 'VideoStream' object has no attribute 'close'
2025-10-01 14:58:46,715 INFO ============================================================
2025-10-01 14:58:46,715 INFO Productivity Tracker - Headless Startup
2025-10-01 14:58:46,715 INFO ============================================================
2025-10-01 14:58:46,715 INFO 
--- Dependencies Check ---
2025-10-01 14:58:46,715 INFO Checking dependencies...
2025-10-01 14:58:49,494 ERROR Missing packages: ['opencv-python', 'pyyaml', 'psycopg2-binary']
2025-10-01 14:58:49,494 INFO Installing missing packages...
2025-10-01 14:58:50,289 INFO Dependencies installed successfully
2025-10-01 14:58:50,289 INFO 
--- Configuration Check ---
2025-10-01 14:58:50,289 INFO Checking configuration...
2025-10-01 14:58:50,299 INFO 
--- Models Check ---
2025-10-01 14:58:50,300 INFO Checking model files...
2025-10-01 14:58:50,307 INFO 
--- PostgreSQL Check ---
2025-10-01 14:58:50,307 INFO Checking PostgreSQL connection...
2025-10-01 14:58:50,351 INFO 
============================================================
2025-10-01 14:58:50,351 INFO All checks passed! Starting headless tracker...
2025-10-01 14:58:50,351 INFO ============================================================
2025-10-01 14:58:50,351 INFO Starting headless productivity tracker...
2025-10-01 14:58:50,371 INFO Starting headless productivity tracker...
2025-10-01 14:58:50,371 INFO Scheduler initialized: 07:00 - 17:00
2025-10-01 14:58:50,372 INFO Scheduler started
2025-10-01 14:58:50,373 INFO Scheduler started in background
2025-10-01 14:58:50,373 INFO Starting daily capture window
2025-10-01 14:58:50,373 INFO Scheduler status: {'is_running': True, 'is_capture_active': False, 'is_capture_time': True, 'start_time': '07:00', 'end_time': '17:00', 'current_time': '14:58:50'}
2025-10-01 14:58:50,373 INFO Starting capture...
2025-10-01 14:58:50,373 INFO Initializing components...
2025-10-01 14:58:50,586 INFO Components initialized successfully
2025-10-01 14:58:50,586 INFO Starting capture loop...
2025-10-01 14:59:16,302 INFO Stream opened at 15.00 FPS
2025-10-01 15:00:50,374 INFO Hourly status: {'is_running': True, 'is_capture_active': True, 'is_capture_time': True, 'start_time': '07:00', 'end_time': '17:00', 'current_time': '15:00:50'}
2025-10-01 15:07:57,854 INFO Processed 1000 frames
2025-10-01 15:08:03,570 INFO Received signal 2, shutting down...
2025-10-01 15:08:03,571 INFO Shutting down...
2025-10-01 15:08:03,571 INFO Stopping scheduler...
2025-10-01 15:08:03,571 INFO Scheduler stopped
2025-10-01 15:08:03,571 INFO Stopping capture...
2025-10-01 15:08:03,750 INFO Capture stopped
2025-10-01 15:08:03,750 INFO Scheduler stopped
2025-10-01 15:08:03,751 INFO Shutting down...
2025-10-01 15:08:03,751 ERROR Error running headless tracker: 'VideoStream' object has no attribute 'close'
2025-10-02 14:49:55,980 INFO ============================================================
2025-10-02 14:49:55,980 INFO Productivity Tracker - Headless Startup
2025-10-02 14:49:55,980 INFO ============================================================
2025-10-02 14:49:55,980 INFO 
--- Dependencies Check ---
2025-10-02 14:49:55,980 INFO Checking dependencies...
2025-10-02 14:50:02,380 ERROR Missing packages: ['opencv-python', 'pyyaml', 'psycopg2-binary']
2025-10-02 14:50:02,380 INFO Installing missing packages...
2025-10-02 14:50:03,224 INFO Dependencies installed successfully
2025-10-02 14:50:03,224 INFO 
--- Configuration Check ---
2025-10-02 14:50:03,224 INFO Checking configuration...
2025-10-02 14:50:03,237 INFO 
--- Models Check ---
2025-10-02 14:50:03,237 INFO Checking model files...
2025-10-02 14:50:03,245 INFO 
--- PostgreSQL Check ---
2025-10-02 14:50:03,245 INFO Checking PostgreSQL connection...
2025-10-02 14:50:03,295 INFO 
============================================================
2025-10-02 14:50:03,295 INFO All checks passed! Starting headless tracker...
2025-10-02 14:50:03,295 INFO ============================================================
2025-10-02 14:50:03,295 INFO Starting headless productivity tracker...
2025-10-02 14:50:03,314 INFO Starting headless productivity tracker...
2025-10-02 14:50:03,314 INFO Scheduler initialized: 07:00 - 17:00
2025-10-02 14:50:03,315 INFO Scheduler started
2025-10-02 14:50:03,315 INFO Scheduler started in background
2025-10-02 14:50:03,315 INFO Starting daily capture window
2025-10-02 14:50:03,315 INFO Scheduler status: {'is_running': True, 'is_capture_active': False, 'is_capture_time': True, 'start_time': '07:00', 'end_time': '17:00', 'current_time': '14:50:03'}
2025-10-02 14:50:03,316 INFO Starting capture...
2025-10-02 14:50:03,316 INFO Initializing components...
2025-10-02 14:50:03,496 INFO Components initialized successfully
2025-10-02 14:50:03,497 INFO Starting capture loop...
2025-10-02 14:50:23,274 INFO Stream opened at 15.00 FPS
2025-10-02 14:51:01,190 INFO Received signal 2, shutting down...
2025-10-02 14:51:01,190 INFO Shutting down...
2025-10-02 14:51:01,191 INFO Stopping scheduler...
2025-10-02 14:51:01,191 INFO Scheduler stopped
2025-10-02 14:51:01,191 INFO Stopping capture...
2025-10-02 14:51:11,194 INFO Capture stopped
2025-10-02 14:51:11,194 INFO Scheduler stopped
2025-10-02 14:51:11,195 INFO Shutting down...
2025-10-02 14:51:11,195 ERROR Error running headless tracker: 'VideoStream' object has no attribute 'close'
2025-10-13 16:41:47,594 INFO ============================================================
2025-10-13 16:41:47,594 INFO Productivity Tracker - Headless Startup
2025-10-13 16:41:47,594 INFO ============================================================
2025-10-13 16:41:47,594 INFO 
--- Dependencies Check ---
2025-10-13 16:41:47,594 INFO Checking dependencies...
2025-10-13 16:41:55,520 ERROR Missing packages: ['opencv-python', 'pyyaml', 'psycopg2-binary']
2025-10-13 16:41:55,520 INFO Installing missing packages...
2025-10-13 16:41:59,904 INFO Dependencies installed successfully
2025-10-13 16:41:59,904 INFO 
--- Configuration Check ---
2025-10-13 16:41:59,904 INFO Checking configuration...
2025-10-13 16:41:59,921 INFO 
--- Models Check ---
2025-10-13 16:41:59,921 INFO Checking model files...
2025-10-13 16:41:59,926 INFO 
--- PostgreSQL Check ---
2025-10-13 16:41:59,926 INFO Checking PostgreSQL connection...
2025-10-13 16:41:59,990 INFO 
============================================================
2025-10-13 16:41:59,990 INFO All checks passed! Starting headless tracker...
2025-10-13 16:41:59,990 INFO ============================================================
2025-10-13 16:41:59,990 INFO Starting headless productivity tracker...
2025-10-13 16:42:00,013 INFO Starting headless productivity tracker...
2025-10-13 16:42:00,013 INFO Scheduler initialized: 07:00 - 17:00
2025-10-13 16:42:00,018 INFO Scheduler started
2025-10-13 16:42:00,020 INFO Scheduler started in background
2025-10-13 16:42:00,020 INFO Starting daily capture window
2025-10-13 16:42:00,020 INFO Scheduler status: {'is_running': True, 'is_capture_active': False, 'is_capture_time': True, 'start_time': '07:00', 'end_time': '17:00', 'current_time': '16:42:00'}
2025-10-13 16:42:00,020 INFO Starting capture...
2025-10-13 16:42:00,020 INFO Initializing components...
2025-10-13 16:42:00,232 INFO Components initialized successfully
2025-10-13 16:42:00,232 INFO Starting capture loop...
2025-10-13 16:42:20,577 INFO Stream opened at 15.00 FPS
2025-10-13 16:43:16,834 INFO Received signal 2, shutting down...
2025-10-13 16:43:16,834 INFO Shutting down...
2025-10-13 16:43:16,834 INFO Stopping scheduler...
2025-10-13 16:43:16,834 INFO Scheduler stopped
2025-10-13 16:43:16,834 INFO Stopping capture...
2025-10-13 16:43:20,837 INFO Capture stopped
2025-10-13 16:43:20,837 INFO Scheduler stopped
2025-10-13 16:43:20,837 INFO Shutting down...
2025-10-13 16:43:20,837 ERROR Error running headless tracker: 'VideoStream' object has no attribute 'close'
